<?xml version="1.0" encoding="UTF-8"?>
<testng-results ignored="0" total="2" passed="2" failed="0" skipped="0">
  <reporter-output>
  </reporter-output>
  <suite started-at="2023-10-21T11:28:06 IST" name="Suite1" finished-at="2023-10-21T11:28:21 IST" duration-ms="14835">
    <groups>
    </groups>
    <test started-at="2023-10-21T11:28:06 IST" name="Test" finished-at="2023-10-21T11:28:21 IST" duration-ms="14835">
      <class name="Homepage.TestNG">
        <test-method signature="f()[pri:0, instance:Homepage.TestNG@3646a422]" started-at="2023-10-21T11:28:17 IST" name="f" finished-at="2023-10-21T11:28:21 IST" duration-ms="3395" status="PASS">
          <reporter-output>
          </reporter-output>
        </test-method> <!-- f -->
      </class> <!-- Homepage.TestNG -->
      <class name="Homepage.TestNG2">
        <test-method signature="f()[pri:0, instance:Homepage.TestNG2@41a0aa7d]" started-at="2023-10-21T11:28:06 IST" name="f" finished-at="2023-10-21T11:28:17 IST" duration-ms="11384" status="PASS">
          <reporter-output>
          </reporter-output>
        </test-method> <!-- f -->
      </class> <!-- Homepage.TestNG2 -->
    </test> <!-- Test -->
  </suite> <!-- Suite1 -->
</testng-results>
